<?xml version="1.0" encoding="UTF-8"?>
<!-- Generated by org.testng.reporters.JUnitReportReporter -->
<testsuite hostname="mmarin" failures="0" tests="1" name="appium.Test.CalculatorTest" time="28.432" errors="0" timestamp="2020-03-17T17:32:18 CST" skipped="0">
  <testcase classname="appium.Test.CalculatorTest" name="startCalculator" time="28.432"/>
  <system-out/>
</testsuite> <!-- appium.Test.CalculatorTest -->
